<?xml version="1.0" encoding="UTF-8"?>
<!-- Generated by org.testng.reporters.JUnitXMLReporter -->
<testsuite hostname="ATMECSINLT-087" ignored="0" name="Test" tests="4" failures="4" timestamp="02 Nov 2019 06:06:29 GMT" time="128.076" errors="0">
  <testcase name="priceSlideBar" time="4.315" classname="com.atmecs.konakartautomation.testscripts.PriceSlideBarFunctionality">
    <failure type="org.openqa.selenium.InvalidSelectorException" message="invalid selector: Unable to locate an element with the xpath expression (//li:nth-of-type(4))[3] because of the following error:
SyntaxError: Failed to execute &amp;apos;evaluate&amp;apos; on &amp;apos;Document&amp;apos;: The string &amp;apos;(//li:nth-of-type(4))[3]&amp;apos; is not a valid XPath expression.
  (Session info: chrome=78.0.3904.70)
For documentation on this error, please visit: https://www.seleniumhq.org/exceptions/invalid_selector_exception.html
Build info: version: &amp;apos;3.141.59&amp;apos;, revision: &amp;apos;e82be7d358&amp;apos;, time: &amp;apos;2018-11-14T08:17:03&amp;apos;
System info: host: &amp;apos;ATMECSINLT-087&amp;apos;, ip: &amp;apos;192.168.1.6&amp;apos;, os.name: &amp;apos;Windows 10&amp;apos;, os.arch: &amp;apos;amd64&amp;apos;, os.version: &amp;apos;10.0&amp;apos;, java.version: &amp;apos;1.8.0_221&amp;apos;
Driver info: org.openqa.selenium.chrome.ChromeDriver
Capabilities {acceptInsecureCerts: false, browserName: chrome, browserVersion: 78.0.3904.70, chrome: {chromedriverVersion: 78.0.3904.70 (edb9c9f3de024..., userDataDir: C:\Users\ARJUN~1.SAN\AppDat...}, goog:chromeOptions: {debuggerAddress: localhost:52449}, javascriptEnabled: true, networkConnectionEnabled: false, pageLoadStrategy: normal, platform: XP, platformName: XP, proxy: Proxy(), setWindowRect: true, strictFileInteractability: false, timeouts: {implicit: 0, pageLoad: 300000, script: 30000}, unhandledPromptBehavior: dismiss and notify}
Session ID: c3562c52e7973c71fb1a262e4786a804
*** Element info: {Using=xpath, value=(//li:nth-of-type(4))[3]}">
      <![CDATA[org.openqa.selenium.InvalidSelectorException: invalid selector: Unable to locate an element with the xpath expression (//li:nth-of-type(4))[3] because of the following error:
SyntaxError: Failed to execute 'evaluate' on 'Document': The string '(//li:nth-of-type(4))[3]' is not a valid XPath expression.
  (Session info: chrome=78.0.3904.70)
For documentation on this error, please visit: https://www.seleniumhq.org/exceptions/invalid_selector_exception.html
Build info: version: '3.141.59', revision: 'e82be7d358', time: '2018-11-14T08:17:03'
System info: host: 'ATMECSINLT-087', ip: '192.168.1.6', os.name: 'Windows 10', os.arch: 'amd64', os.version: '10.0', java.version: '1.8.0_221'
Driver info: org.openqa.selenium.chrome.ChromeDriver
Capabilities {acceptInsecureCerts: false, browserName: chrome, browserVersion: 78.0.3904.70, chrome: {chromedriverVersion: 78.0.3904.70 (edb9c9f3de024..., userDataDir: C:\Users\ARJUN~1.SAN\AppDat...}, goog:chromeOptions: {debuggerAddress: localhost:52449}, javascriptEnabled: true, networkConnectionEnabled: false, pageLoadStrategy: normal, platform: XP, platformName: XP, proxy: Proxy(), setWindowRect: true, strictFileInteractability: false, timeouts: {implicit: 0, pageLoad: 300000, script: 30000}, unhandledPromptBehavior: dismiss and notify}
Session ID: c3562c52e7973c71fb1a262e4786a804
*** Element info: {Using=xpath, value=(//li:nth-of-type(4))[3]}
at org.openqa.selenium.remote.http.W3CHttpResponseCodec.createException(W3CHttpResponseCodec.java:187)
at org.openqa.selenium.remote.http.W3CHttpResponseCodec.decode(W3CHttpResponseCodec.java:122)
at org.openqa.selenium.remote.http.W3CHttpResponseCodec.decode(W3CHttpResponseCodec.java:49)
at org.openqa.selenium.remote.HttpCommandExecutor.execute(HttpCommandExecutor.java:158)
at org.openqa.selenium.remote.service.DriverCommandExecutor.execute(DriverCommandExecutor.java:83)
at org.openqa.selenium.remote.RemoteWebDriver.execute(RemoteWebDriver.java:552)
at org.openqa.selenium.remote.RemoteWebDriver.findElement(RemoteWebDriver.java:323)
at org.openqa.selenium.remote.RemoteWebDriver.findElementByXPath(RemoteWebDriver.java:428)
at org.openqa.selenium.By$ByXPath.findElement(By.java:353)
at org.openqa.selenium.remote.RemoteWebDriver.findElement(RemoteWebDriver.java:315)
at com.atmecs.konakartautomation.helpers.CommonUtility.getElement(CommonUtility.java:83)
at com.atmecs.konakartautomation.helpers.CommonUtility.setAttributeValue(CommonUtility.java:283)
at com.atmecs.konakartautomation.pages.PriceSlideBar.priceSlideBar(PriceSlideBar.java:18)
at com.atmecs.konakartautomation.testscripts.PriceSlideBarFunctionality.priceSlideBar(PriceSlideBarFunctionality.java:17)
... Removed 30 stack frames]]>
    </failure>
  </testcase> <!-- priceSlideBar -->
  <testcase name="priceSlideBar" time="30.24" classname="com.atmecs.konakartautomation.testscripts.PriceSlideBarFunctionality">
    <failure type="org.openqa.selenium.TimeoutException" message="Expected condition failed: waiting for com.atmecs.konakartautomation.helpers.CommonUtility$1@10bdcac9 (tried for 30 second(s) with 2000 milliseconds interval)">
      <![CDATA[org.openqa.selenium.TimeoutException: Expected condition failed: waiting for com.atmecs.konakartautomation.helpers.CommonUtility$1@10bdcac9 (tried for 30 second(s) with 2000 milliseconds interval)
at org.openqa.selenium.support.ui.FluentWait.timeoutException(FluentWait.java:304)
at org.openqa.selenium.support.ui.FluentWait.until(FluentWait.java:272)
at com.atmecs.konakartautomation.helpers.CommonUtility.clickElement(CommonUtility.java:35)
at com.atmecs.konakartautomation.pages.PriceSlideBar.priceSlideBar(PriceSlideBar.java:16)
at com.atmecs.konakartautomation.testscripts.PriceSlideBarFunctionality.priceSlideBar(PriceSlideBarFunctionality.java:17)
Caused by: org.openqa.selenium.ElementClickInterceptedException: element click intercepted: Element <a href="SelectCat.action?catId=1" class="menu-item rounded-corners" style="width: 198.313px; margin-right: 5px;">...</a> is not clickable at point (301, 14). Other element would receive the click: <div id="top-bar">...</div>
  (Session info: chrome=78.0.3904.70)
Build info: version: '3.141.59', revision: 'e82be7d358', time: '2018-11-14T08:17:03'
System info: host: 'ATMECSINLT-087', ip: '192.168.1.6', os.name: 'Windows 10', os.arch: 'amd64', os.version: '10.0', java.version: '1.8.0_221'
Driver info: org.openqa.selenium.chrome.ChromeDriver
Capabilities {acceptInsecureCerts: false, browserName: chrome, browserVersion: 78.0.3904.70, chrome: {chromedriverVersion: 78.0.3904.70 (edb9c9f3de024..., userDataDir: C:\Users\ARJUN~1.SAN\AppDat...}, goog:chromeOptions: {debuggerAddress: localhost:52449}, javascriptEnabled: true, networkConnectionEnabled: false, pageLoadStrategy: normal, platform: XP, platformName: XP, proxy: Proxy(), setWindowRect: true, strictFileInteractability: false, timeouts: {implicit: 0, pageLoad: 300000, script: 30000}, unhandledPromptBehavior: dismiss and notify}
Session ID: c3562c52e7973c71fb1a262e4786a804
at org.openqa.selenium.remote.http.W3CHttpResponseCodec.createException(W3CHttpResponseCodec.java:187)
at org.openqa.selenium.remote.http.W3CHttpResponseCodec.decode(W3CHttpResponseCodec.java:122)
at org.openqa.selenium.remote.http.W3CHttpResponseCodec.decode(W3CHttpResponseCodec.java:49)
at org.openqa.selenium.remote.HttpCommandExecutor.execute(HttpCommandExecutor.java:158)
at org.openqa.selenium.remote.service.DriverCommandExecutor.execute(DriverCommandExecutor.java:83)
at org.openqa.selenium.remote.RemoteWebDriver.execute(RemoteWebDriver.java:552)
at org.openqa.selenium.remote.RemoteWebElement.execute(RemoteWebElement.java:285)
at org.openqa.selenium.remote.RemoteWebElement.click(RemoteWebElement.java:84)
at com.atmecs.konakartautomation.helpers.CommonUtility$1.apply(CommonUtility.java:38)
at com.atmecs.konakartautomation.helpers.CommonUtility$1.apply(CommonUtility.java:1)
at org.openqa.selenium.support.ui.FluentWait.until(FluentWait.java:249)
... 29 more
... Removed 30 stack frames]]>
    </failure>
  </testcase> <!-- priceSlideBar -->
  <testcase name="priceSlideBar" time="32.098" classname="com.atmecs.konakartautomation.testscripts.PriceSlideBarFunctionality">
    <failure type="org.openqa.selenium.TimeoutException" message="Expected condition failed: waiting for com.atmecs.konakartautomation.helpers.CommonUtility$1@21e2fbe1 (tried for 30 second(s) with 2000 milliseconds interval)">
      <![CDATA[org.openqa.selenium.TimeoutException: Expected condition failed: waiting for com.atmecs.konakartautomation.helpers.CommonUtility$1@21e2fbe1 (tried for 30 second(s) with 2000 milliseconds interval)
at org.openqa.selenium.support.ui.FluentWait.timeoutException(FluentWait.java:304)
at org.openqa.selenium.support.ui.FluentWait.until(FluentWait.java:272)
at com.atmecs.konakartautomation.helpers.CommonUtility.clickElement(CommonUtility.java:35)
at com.atmecs.konakartautomation.pages.PriceSlideBar.priceSlideBar(PriceSlideBar.java:16)
at com.atmecs.konakartautomation.testscripts.PriceSlideBarFunctionality.priceSlideBar(PriceSlideBarFunctionality.java:17)
Caused by: org.openqa.selenium.ElementClickInterceptedException: element click intercepted: Element <a href="SelectCat.action?catId=1" class="menu-item rounded-corners" style="width: 198.313px; margin-right: 5px;">...</a> is not clickable at point (301, 14). Other element would receive the click: <div id="top-bar">...</div>
  (Session info: chrome=78.0.3904.70)
Build info: version: '3.141.59', revision: 'e82be7d358', time: '2018-11-14T08:17:03'
System info: host: 'ATMECSINLT-087', ip: '192.168.1.6', os.name: 'Windows 10', os.arch: 'amd64', os.version: '10.0', java.version: '1.8.0_221'
Driver info: org.openqa.selenium.chrome.ChromeDriver
Capabilities {acceptInsecureCerts: false, browserName: chrome, browserVersion: 78.0.3904.70, chrome: {chromedriverVersion: 78.0.3904.70 (edb9c9f3de024..., userDataDir: C:\Users\ARJUN~1.SAN\AppDat...}, goog:chromeOptions: {debuggerAddress: localhost:52449}, javascriptEnabled: true, networkConnectionEnabled: false, pageLoadStrategy: normal, platform: XP, platformName: XP, proxy: Proxy(), setWindowRect: true, strictFileInteractability: false, timeouts: {implicit: 0, pageLoad: 300000, script: 30000}, unhandledPromptBehavior: dismiss and notify}
Session ID: c3562c52e7973c71fb1a262e4786a804
at org.openqa.selenium.remote.http.W3CHttpResponseCodec.createException(W3CHttpResponseCodec.java:187)
at org.openqa.selenium.remote.http.W3CHttpResponseCodec.decode(W3CHttpResponseCodec.java:122)
at org.openqa.selenium.remote.http.W3CHttpResponseCodec.decode(W3CHttpResponseCodec.java:49)
at org.openqa.selenium.remote.HttpCommandExecutor.execute(HttpCommandExecutor.java:158)
at org.openqa.selenium.remote.service.DriverCommandExecutor.execute(DriverCommandExecutor.java:83)
at org.openqa.selenium.remote.RemoteWebDriver.execute(RemoteWebDriver.java:552)
at org.openqa.selenium.remote.RemoteWebElement.execute(RemoteWebElement.java:285)
at org.openqa.selenium.remote.RemoteWebElement.click(RemoteWebElement.java:84)
at com.atmecs.konakartautomation.helpers.CommonUtility$1.apply(CommonUtility.java:38)
at com.atmecs.konakartautomation.helpers.CommonUtility$1.apply(CommonUtility.java:1)
at org.openqa.selenium.support.ui.FluentWait.until(FluentWait.java:249)
... 29 more
... Removed 29 stack frames]]>
    </failure>
  </testcase> <!-- priceSlideBar -->
  <testcase name="priceSlideBar" time="32.07" classname="com.atmecs.konakartautomation.testscripts.PriceSlideBarFunctionality">
    <failure type="org.openqa.selenium.TimeoutException" message="Expected condition failed: waiting for com.atmecs.konakartautomation.helpers.CommonUtility$1@641792f0 (tried for 30 second(s) with 2000 milliseconds interval)">
      <![CDATA[org.openqa.selenium.TimeoutException: Expected condition failed: waiting for com.atmecs.konakartautomation.helpers.CommonUtility$1@641792f0 (tried for 30 second(s) with 2000 milliseconds interval)
at org.openqa.selenium.support.ui.FluentWait.timeoutException(FluentWait.java:304)
at org.openqa.selenium.support.ui.FluentWait.until(FluentWait.java:272)
at com.atmecs.konakartautomation.helpers.CommonUtility.clickElement(CommonUtility.java:35)
at com.atmecs.konakartautomation.pages.PriceSlideBar.priceSlideBar(PriceSlideBar.java:16)
at com.atmecs.konakartautomation.testscripts.PriceSlideBarFunctionality.priceSlideBar(PriceSlideBarFunctionality.java:17)
Caused by: org.openqa.selenium.ElementClickInterceptedException: element click intercepted: Element <a href="SelectCat.action?catId=1" class="menu-item rounded-corners" style="width: 198.313px; margin-right: 5px;">...</a> is not clickable at point (301, 14). Other element would receive the click: <div id="top-bar">...</div>
  (Session info: chrome=78.0.3904.70)
Build info: version: '3.141.59', revision: 'e82be7d358', time: '2018-11-14T08:17:03'
System info: host: 'ATMECSINLT-087', ip: '192.168.1.6', os.name: 'Windows 10', os.arch: 'amd64', os.version: '10.0', java.version: '1.8.0_221'
Driver info: org.openqa.selenium.chrome.ChromeDriver
Capabilities {acceptInsecureCerts: false, browserName: chrome, browserVersion: 78.0.3904.70, chrome: {chromedriverVersion: 78.0.3904.70 (edb9c9f3de024..., userDataDir: C:\Users\ARJUN~1.SAN\AppDat...}, goog:chromeOptions: {debuggerAddress: localhost:52449}, javascriptEnabled: true, networkConnectionEnabled: false, pageLoadStrategy: normal, platform: XP, platformName: XP, proxy: Proxy(), setWindowRect: true, strictFileInteractability: false, timeouts: {implicit: 0, pageLoad: 300000, script: 30000}, unhandledPromptBehavior: dismiss and notify}
Session ID: c3562c52e7973c71fb1a262e4786a804
at org.openqa.selenium.remote.http.W3CHttpResponseCodec.createException(W3CHttpResponseCodec.java:187)
at org.openqa.selenium.remote.http.W3CHttpResponseCodec.decode(W3CHttpResponseCodec.java:122)
at org.openqa.selenium.remote.http.W3CHttpResponseCodec.decode(W3CHttpResponseCodec.java:49)
at org.openqa.selenium.remote.HttpCommandExecutor.execute(HttpCommandExecutor.java:158)
at org.openqa.selenium.remote.service.DriverCommandExecutor.execute(DriverCommandExecutor.java:83)
at org.openqa.selenium.remote.RemoteWebDriver.execute(RemoteWebDriver.java:552)
at org.openqa.selenium.remote.RemoteWebElement.execute(RemoteWebElement.java:285)
at org.openqa.selenium.remote.RemoteWebElement.click(RemoteWebElement.java:84)
at com.atmecs.konakartautomation.helpers.CommonUtility$1.apply(CommonUtility.java:38)
at com.atmecs.konakartautomation.helpers.CommonUtility$1.apply(CommonUtility.java:1)
at org.openqa.selenium.support.ui.FluentWait.until(FluentWait.java:249)
... 29 more
... Removed 29 stack frames]]>
    </failure>
  </testcase> <!-- priceSlideBar -->
</testsuite> <!-- Test -->
