<?xml version="1.0" encoding="UTF-8"?>
<!-- Generated by org.testng.reporters.JUnitXMLReporter -->
<testsuite hostname="ATMECSINLT-087" ignored="0" name="Test" tests="5" failures="2" timestamp="16 Oct 2019 11:09:39 GMT" time="41.188" errors="0">
  <testcase name="heroImageSelect" time="4.87" classname="com.atmecs.konakartautomation.testscripts.HeroImageFunctionality"/>
  <testcase name="heroImgContent" time="0.706" classname="com.atmecs.konakartautomation.testscripts.HeroImageFunctionality"/>
  <testcase name="heroImgContent" time="0.056" classname="com.atmecs.konakartautomation.testscripts.HeroImageFunctionality"/>
  <testcase name="heroImgSortingDateFunctionality" time="5.311" classname="com.atmecs.konakartautomation.testscripts.HeroImageFunctionality">
    <failure type="java.lang.ArrayIndexOutOfBoundsException" message="1">
      <![CDATA[java.lang.ArrayIndexOutOfBoundsException: 1
at com.atmecs.konakartautomation.helpers.CommonUtility.getElementsList(CommonUtility.java:155)
at com.atmecs.konakartautomation.pages.HeroImageFunction.sortingDateValidation(HeroImageFunction.java:93)
at com.atmecs.konakartautomation.testscripts.HeroImageFunctionality.heroImgSortingDateFunctionality(HeroImageFunctionality.java:36)
... Removed 25 stack frames]]>
    </failure>
  </testcase> <!-- heroImgSortingDateFunctionality -->
  <testcase name="heroImgSortingRatingFunctionality" time="8.422" classname="com.atmecs.konakartautomation.testscripts.HeroImageFunctionality">
    <failure type="java.lang.ArrayIndexOutOfBoundsException" message="1">
      <![CDATA[java.lang.ArrayIndexOutOfBoundsException: 1
at com.atmecs.konakartautomation.helpers.CommonUtility.getElementsList(CommonUtility.java:155)
at com.atmecs.konakartautomation.pages.HeroImageFunction.starRatingValidation(HeroImageFunction.java:157)
at com.atmecs.konakartautomation.testscripts.HeroImageFunctionality.heroImgSortingRatingFunctionality(HeroImageFunctionality.java:46)
... Removed 25 stack frames]]>
    </failure>
  </testcase> <!-- heroImgSortingRatingFunctionality -->
</testsuite> <!-- Test -->
